<ClinicalDocument xmlns="urn:hl7-org:v3">
    <realmCode code="US" />
</ClinicalDocument>